<?xml version="1.0" encoding="UTF-8"?>
<testng-results skipped="0" failed="0" ignored="0" total="1" passed="1">
  <reporter-output>
  </reporter-output>
  <suite name="Surefire suite" duration-ms="27483" started-at="2020-01-06T16:41:21 BDT" finished-at="2020-01-06T16:41:48 BDT">
    <groups>
      <group name="cucumber">
        <method signature="AbstractTestNGCucumberTests.feature(cucumber.api.testng.CucumberFeatureWrapper)[pri:0, instance:runner.TestRunner@10bdf5e5]" name="feature" class="cucumber.api.testng.AbstractTestNGCucumberTests"/>
      </group> <!-- cucumber -->
    </groups>
    <test name="Surefire test" duration-ms="27483" started-at="2020-01-06T16:41:21 BDT" finished-at="2020-01-06T16:41:48 BDT">
      <class name="runner.TestRunner">
        <test-method status="PASS" signature="setUpClass()[pri:0, instance:runner.TestRunner@10bdf5e5]" name="setUpClass" is-config="true" duration-ms="173" started-at="2020-01-06T16:41:21 BDT" finished-at="2020-01-06T16:41:21 BDT">
          <reporter-output>
          </reporter-output>
        </test-method> <!-- setUpClass -->
        <test-method status="PASS" signature="feature(cucumber.api.testng.CucumberFeatureWrapper)[pri:0, instance:runner.TestRunner@10bdf5e5]" name="feature" duration-ms="27060" started-at="2020-01-06T16:41:21 BDT" description="Runs Cucumber Feature" data-provider="features" finished-at="2020-01-06T16:41:48 BDT">
          <params>
            <param index="0">
              <value>
                <![CDATA[LoginFeature]]>
              </value>
            </param>
          </params>
          <reporter-output>
          </reporter-output>
        </test-method> <!-- feature -->
        <test-method status="PASS" signature="tearDownClass()[pri:0, instance:runner.TestRunner@10bdf5e5]" name="tearDownClass" is-config="true" duration-ms="164" started-at="2020-01-06T16:41:48 BDT" finished-at="2020-01-06T16:41:48 BDT">
          <reporter-output>
          </reporter-output>
        </test-method> <!-- tearDownClass -->
      </class> <!-- runner.TestRunner -->
    </test> <!-- Surefire test -->
  </suite> <!-- Surefire suite -->
</testng-results>
